[2024-12-14 06:49:20Z INFO HostContext] No proxy settings were found based on environmental variables (http_proxy/https_proxy/HTTP_PROXY/HTTPS_PROXY)
[2024-12-14 06:49:20Z INFO HostContext] Well known directory 'Bin': 'C:\github\projet1branchmaster\nourredine1981\vk\actions-runner\actions-runner\bin'
[2024-12-14 06:49:20Z INFO HostContext] Well known directory 'Root': 'C:\github\projet1branchmaster\nourredine1981\vk\actions-runner\actions-runner'
[2024-12-14 06:49:20Z INFO HostContext] Well known config file 'Credentials': 'C:\github\projet1branchmaster\nourredine1981\vk\actions-runner\actions-runner\.credentials'
[2024-12-14 06:49:20Z INFO HostContext] Well known directory 'Bin': 'C:\github\projet1branchmaster\nourredine1981\vk\actions-runner\actions-runner\bin'
[2024-12-14 06:49:20Z INFO HostContext] Well known directory 'Root': 'C:\github\projet1branchmaster\nourredine1981\vk\actions-runner\actions-runner'
[2024-12-14 06:49:20Z INFO HostContext] Well known config file 'Runner': 'C:\github\projet1branchmaster\nourredine1981\vk\actions-runner\actions-runner\.runner'
[2024-12-14 06:49:20Z INFO Listener] Runner is built for Windows (X64) - win-x64.
[2024-12-14 06:49:20Z INFO Listener] RuntimeInformation: Microsoft Windows 10.0.19045.
[2024-12-14 06:49:20Z INFO Listener] Version: 2.321.0
[2024-12-14 06:49:20Z INFO Listener] Commit: e249007931b7c8e857797fa259c167f0bd4f997a
[2024-12-14 06:49:20Z INFO Listener] Culture: fr-FR
[2024-12-14 06:49:20Z INFO Listener] UI Culture: fr-FR
[2024-12-14 06:49:20Z INFO HostContext] Well known directory 'Bin': 'C:\github\projet1branchmaster\nourredine1981\vk\actions-runner\actions-runner\bin'
[2024-12-14 06:49:20Z INFO HostContext] Well known directory 'Root': 'C:\github\projet1branchmaster\nourredine1981\vk\actions-runner\actions-runner'
[2024-12-14 06:49:20Z INFO Listener] Validating directory permissions for: 'C:\github\projet1branchmaster\nourredine1981\vk\actions-runner\actions-runner'
[2024-12-14 06:49:20Z INFO CommandLineParser] Parse
[2024-12-14 06:49:20Z INFO CommandLineParser] Parsing 1 args
[2024-12-14 06:49:20Z INFO CommandLineParser] parsing argument
[2024-12-14 06:49:20Z INFO CommandLineParser] HasArgs: False
[2024-12-14 06:49:20Z INFO CommandLineParser] Adding Command: run
[2024-12-14 06:49:20Z INFO Listener] Arguments parsed
[2024-12-14 06:49:20Z INFO Runner] ExecuteCommand
[2024-12-14 06:49:20Z INFO ConfigurationStore] currentAssemblyLocation: C:\github\projet1branchmaster\nourredine1981\vk\actions-runner\actions-runner\bin\Runner.Listener.dll
[2024-12-14 06:49:20Z INFO HostContext] Well known directory 'Bin': 'C:\github\projet1branchmaster\nourredine1981\vk\actions-runner\actions-runner\bin'
[2024-12-14 06:49:20Z INFO ConfigurationStore] binPath: C:\github\projet1branchmaster\nourredine1981\vk\actions-runner\actions-runner\bin
[2024-12-14 06:49:20Z INFO HostContext] Well known directory 'Bin': 'C:\github\projet1branchmaster\nourredine1981\vk\actions-runner\actions-runner\bin'
[2024-12-14 06:49:20Z INFO HostContext] Well known directory 'Root': 'C:\github\projet1branchmaster\nourredine1981\vk\actions-runner\actions-runner'
[2024-12-14 06:49:20Z INFO ConfigurationStore] RootFolder: C:\github\projet1branchmaster\nourredine1981\vk\actions-runner\actions-runner
[2024-12-14 06:49:20Z INFO HostContext] Well known directory 'Bin': 'C:\github\projet1branchmaster\nourredine1981\vk\actions-runner\actions-runner\bin'
[2024-12-14 06:49:20Z INFO HostContext] Well known directory 'Root': 'C:\github\projet1branchmaster\nourredine1981\vk\actions-runner\actions-runner'
[2024-12-14 06:49:20Z INFO HostContext] Well known config file 'Runner': 'C:\github\projet1branchmaster\nourredine1981\vk\actions-runner\actions-runner\.runner'
[2024-12-14 06:49:20Z INFO ConfigurationStore] ConfigFilePath: C:\github\projet1branchmaster\nourredine1981\vk\actions-runner\actions-runner\.runner
[2024-12-14 06:49:20Z INFO HostContext] Well known directory 'Bin': 'C:\github\projet1branchmaster\nourredine1981\vk\actions-runner\actions-runner\bin'
[2024-12-14 06:49:20Z INFO HostContext] Well known directory 'Root': 'C:\github\projet1branchmaster\nourredine1981\vk\actions-runner\actions-runner'
[2024-12-14 06:49:20Z INFO HostContext] Well known config file 'Credentials': 'C:\github\projet1branchmaster\nourredine1981\vk\actions-runner\actions-runner\.credentials'
[2024-12-14 06:49:20Z INFO ConfigurationStore] CredFilePath: C:\github\projet1branchmaster\nourredine1981\vk\actions-runner\actions-runner\.credentials
[2024-12-14 06:49:20Z INFO HostContext] Well known directory 'Bin': 'C:\github\projet1branchmaster\nourredine1981\vk\actions-runner\actions-runner\bin'
[2024-12-14 06:49:20Z INFO HostContext] Well known directory 'Root': 'C:\github\projet1branchmaster\nourredine1981\vk\actions-runner\actions-runner'
[2024-12-14 06:49:20Z INFO HostContext] Well known config file 'MigratedCredentials': 'C:\github\projet1branchmaster\nourredine1981\vk\actions-runner\actions-runner\.credentials_migrated'
[2024-12-14 06:49:20Z INFO ConfigurationStore] MigratedCredFilePath: C:\github\projet1branchmaster\nourredine1981\vk\actions-runner\actions-runner\.credentials_migrated
[2024-12-14 06:49:20Z INFO HostContext] Well known directory 'Bin': 'C:\github\projet1branchmaster\nourredine1981\vk\actions-runner\actions-runner\bin'
[2024-12-14 06:49:20Z INFO HostContext] Well known directory 'Root': 'C:\github\projet1branchmaster\nourredine1981\vk\actions-runner\actions-runner'
[2024-12-14 06:49:20Z INFO HostContext] Well known config file 'Service': 'C:\github\projet1branchmaster\nourredine1981\vk\actions-runner\actions-runner\.service'
[2024-12-14 06:49:20Z INFO ConfigurationStore] ServiceConfigFilePath: C:\github\projet1branchmaster\nourredine1981\vk\actions-runner\actions-runner\.service
[2024-12-14 06:49:20Z INFO CommandSettings] Flag 'help': 'False'
[2024-12-14 06:49:20Z INFO CommandSettings] Flag 'version': 'False'
[2024-12-14 06:49:20Z INFO CommandSettings] Flag 'commit': 'False'
[2024-12-14 06:49:20Z INFO CommandSettings] Flag 'check': 'False'
[2024-12-14 06:49:20Z INFO CommandSettings] Command 'configure': 'False'
[2024-12-14 06:49:20Z INFO CommandSettings] Command 'remove': 'False'
[2024-12-14 06:49:20Z INFO CommandSettings] Command 'warmup': 'False'
[2024-12-14 06:49:20Z INFO ConfigurationManager] LoadSettings
[2024-12-14 06:49:20Z INFO ConfigurationStore] IsConfigured()
[2024-12-14 06:49:20Z INFO ConfigurationStore] IsConfigured: False
[2024-12-14 06:49:20Z INFO ConfigurationManager] Is configured: False
[2024-12-14 06:49:20Z ERR  Terminal] WRITE ERROR: An error occurred: Not configured. Run config.(sh/cmd) to configure the runner.
[2024-12-14 06:49:20Z ERR  Listener] GitHub.Runner.Common.NonRetryableException: Not configured. Run config.(sh/cmd) to configure the runner.
   at GitHub.Runner.Listener.Configuration.ConfigurationManager.LoadSettings()
   at GitHub.Runner.Listener.Runner.ExecuteCommand(CommandSettings command)
   at GitHub.Runner.Listener.Program.MainAsync(IHostContext context, String[] args)
